[0mCompiling "resources/public/js/compiled/tetris.js" from ["src/cljs" "src/cljc"]...
[0mCompiling "resources/public/js/compiled/tetris.js" from ["src/cljs" "src/cljc"]...
notifying browser that file changed:  resources/public/js/compiled/out/goog/deps.js
notifying browser that file changed:  resources/public/js/compiled/out/cljs_deps.js
notifying browser that file changed:  out/tetris/game_launcher.js
[32mSuccessfully compiled "resources/public/js/compiled/tetris.js" in 0.365 seconds.[0m
[0mCompiling "resources/public/js/compiled/tetris.js" from ["src/cljs" "src/cljc"]...
notifying browser that file changed:  resources/public/js/compiled/out/cljs_deps.js
notifying browser that file changed:  out/tetris/core.js
[32mSuccessfully compiled "resources/public/js/compiled/tetris.js" in 0.19 seconds.[0m
[0mCompiling "resources/public/js/compiled/tetris.js" from ["src/cljs" "src/cljc"]...
notifying browser that file changed:  out/tetris/core.js
[32mSuccessfully compiled "resources/public/js/compiled/tetris.js" in 0.213 seconds.[0m
[0mCompiling "resources/public/js/compiled/tetris.js" from ["src/cljs" "src/cljc"]...
notifying browser that file changed:  out/tetris/core.js
[32mSuccessfully compiled "resources/public/js/compiled/tetris.js" in 0.179 seconds.[0m
[0mCompiling "resources/public/js/compiled/tetris.js" from ["src/cljs" "src/cljc"]...
notifying browser that file changed:  out/tetris/core.js
[32mSuccessfully compiled "resources/public/js/compiled/tetris.js" in 0.165 seconds.[0m
[0mCompiling "resources/public/js/compiled/tetris.js" from ["src/cljs" "src/cljc"]...
notifying browser that file changed:  out/tetris/core.js
[32mSuccessfully compiled "resources/public/js/compiled/tetris.js" in 0.175 seconds.[0m
[0mCompiling "resources/public/js/compiled/tetris.js" from ["src/cljs" "src/cljc"]...
notifying browser that file changed:  out/tetris/core.js
[32mSuccessfully compiled "resources/public/js/compiled/tetris.js" in 0.176 seconds.[0m
[0mCompiling "resources/public/js/compiled/tetris.js" from ["src/cljs" "src/cljc"]...
notifying browser that file changed:  out/tetris/core.js
[32mSuccessfully compiled "resources/public/js/compiled/tetris.js" in 0.164 seconds.[0m
[0mCompiling "resources/public/js/compiled/tetris.js" from ["src/cljs" "src/cljc"]...
notifying browser that file changed:  out/tetris/core.js
[32mSuccessfully compiled "resources/public/js/compiled/tetris.js" in 0.162 seconds.[0m
[0mCompiling "resources/public/js/compiled/tetris.js" from ["src/cljs" "src/cljc"]...
notifying browser that file changed:  out/tetris/core.js
[32mSuccessfully compiled "resources/public/js/compiled/tetris.js" in 0.15 seconds.[0m
[0mCompiling "resources/public/js/compiled/tetris.js" from ["src/cljs" "src/cljc"]...
notifying browser that file changed:  out/tetris/core.js
[32mSuccessfully compiled "resources/public/js/compiled/tetris.js" in 0.159 seconds.[0m
[0mCompiling "resources/public/js/compiled/tetris.js" from ["src/cljs" "src/cljc"]...
notifying browser that file changed:  out/tetris/core.js
[32mSuccessfully compiled "resources/public/js/compiled/tetris.js" in 0.17 seconds.[0m
[0mCompiling "resources/public/js/compiled/tetris.js" from ["src/cljs" "src/cljc"]...
notifying browser that file changed:  out/tetris/core.js
[32mSuccessfully compiled "resources/public/js/compiled/tetris.js" in 0.152 seconds.[0m
[0mCompiling "resources/public/js/compiled/tetris.js" from ["src/cljs" "src/cljc"]...
[31mCompiling "resources/public/js/compiled/tetris.js" failed.
[0mERROR: EOF while reading, starting at line 13 and column 1 on file /Users/mbastian/workspace/tetris/src/cljs/tetris/core.cljs, line 40, column 1
[32mSuccessfully compiled "resources/public/js/compiled/tetris.js" in 0.086 seconds.[0m
[0mCompiling "resources/public/js/compiled/tetris.js" from ["src/cljs" "src/cljc"]...
WARNING: Use of undeclared Var tetris.core/app-state at line 20 src/cljs/tetris/core.cljs
notifying browser that file changed:  out/tetris/core.js
[32mSuccessfully compiled "resources/public/js/compiled/tetris.js" in 0.185 seconds.[0m
[0mCompiling "resources/public/js/compiled/tetris.js" from ["src/cljs" "src/cljc"]...
notifying browser that file changed:  out/tetris/core.js
[32mSuccessfully compiled "resources/public/js/compiled/tetris.js" in 0.157 seconds.[0m
[0mCompiling "resources/public/js/compiled/tetris.js" from ["src/cljs" "src/cljc"]...
notifying browser that file changed:  out/tetris/core.js
[32mSuccessfully compiled "resources/public/js/compiled/tetris.js" in 0.157 seconds.[0m
[0mCompiling "resources/public/js/compiled/tetris.js" from ["src/cljs" "src/cljc"]...
notifying browser that file changed:  out/tetris/core.js
[32mSuccessfully compiled "resources/public/js/compiled/tetris.js" in 0.152 seconds.[0m
[0mCompiling "resources/public/js/compiled/tetris.js" from ["src/cljs" "src/cljc"]...
notifying browser that file changed:  out/tetris/core.js
[32mSuccessfully compiled "resources/public/js/compiled/tetris.js" in 0.183 seconds.[0m
[0mCompiling "resources/public/js/compiled/tetris.js" from ["src/cljs" "src/cljc"]...
notifying browser that file changed:  out/tetris/core.js
[32mSuccessfully compiled "resources/public/js/compiled/tetris.js" in 0.162 seconds.[0m
[0mCompiling "resources/public/js/compiled/tetris.js" from ["src/cljs" "src/cljc"]...
notifying browser that file changed:  out/tetris/core.js
[32mSuccessfully compiled "resources/public/js/compiled/tetris.js" in 0.16 seconds.[0m
[0mCompiling "resources/public/js/compiled/tetris.js" from ["src/cljs" "src/cljc"]...
notifying browser that file changed:  out/tetris/core.js
[32mSuccessfully compiled "resources/public/js/compiled/tetris.js" in 0.162 seconds.[0m
[0mCompiling "resources/public/js/compiled/tetris.js" from ["src/cljs" "src/cljc"]...
notifying browser that file changed:  out/tetris/core.js
[32mSuccessfully compiled "resources/public/js/compiled/tetris.js" in 0.177 seconds.[0m
[0mCompiling "resources/public/js/compiled/tetris.js" from ["src/cljs" "src/cljc"]...
notifying browser that file changed:  out/tetris/core.js
[32mSuccessfully compiled "resources/public/js/compiled/tetris.js" in 0.164 seconds.[0m
[0mCompiling "resources/public/js/compiled/tetris.js" from ["src/cljs" "src/cljc"]...
notifying browser that file changed:  out/tetris/core.js
[32mSuccessfully compiled "resources/public/js/compiled/tetris.js" in 0.166 seconds.[0m
[0mCompiling "resources/public/js/compiled/tetris.js" from ["src/cljs" "src/cljc"]...
notifying browser that file changed:  out/tetris/core.js
[32mSuccessfully compiled "resources/public/js/compiled/tetris.js" in 0.171 seconds.[0m
[0mCompiling "resources/public/js/compiled/tetris.js" from ["src/cljs" "src/cljc"]...
notifying browser that file changed:  out/tetris/core.js
[32mSuccessfully compiled "resources/public/js/compiled/tetris.js" in 0.166 seconds.[0m
[0mCompiling "resources/public/js/compiled/tetris.js" from ["src/cljs" "src/cljc"]...
notifying browser that file changed:  out/tetris/core.js
[32mSuccessfully compiled "resources/public/js/compiled/tetris.js" in 0.174 seconds.[0m
[0mCompiling "resources/public/js/compiled/tetris.js" from ["src/cljs" "src/cljc"]...
notifying browser that file changed:  out/tetris/core.js
[32mSuccessfully compiled "resources/public/js/compiled/tetris.js" in 0.165 seconds.[0m
[0mCompiling "resources/public/js/compiled/tetris.js" from ["src/cljs" "src/cljc"]...
notifying browser that file changed:  out/tetris/core.js
[32mSuccessfully compiled "resources/public/js/compiled/tetris.js" in 0.165 seconds.[0m
[0mCompiling "resources/public/js/compiled/tetris.js" from ["src/cljs" "src/cljc"]...
notifying browser that file changed:  out/tetris/core.js
[32mSuccessfully compiled "resources/public/js/compiled/tetris.js" in 0.16 seconds.[0m
[0mCompiling "resources/public/js/compiled/tetris.js" from ["src/cljs" "src/cljc"]...
notifying browser that file changed:  resources/public/js/compiled/out/goog/deps.js
notifying browser that file changed:  resources/public/js/compiled/out/cljs_deps.js
notifying browser that file changed:  out/tetris/core.js
[32mSuccessfully compiled "resources/public/js/compiled/tetris.js" in 0.275 seconds.[0m
[0mCompiling "resources/public/js/compiled/tetris.js" from ["src/cljs" "src/cljc"]...
notifying browser that file changed:  out/tetris/core.js
[32mSuccessfully compiled "resources/public/js/compiled/tetris.js" in 0.172 seconds.[0m
[0mCompiling "resources/public/js/compiled/tetris.js" from ["src/cljs" "src/cljc"]...
notifying browser that file changed:  out/tetris/core.js
[32mSuccessfully compiled "resources/public/js/compiled/tetris.js" in 0.172 seconds.[0m
[0mCompiling "resources/public/js/compiled/tetris.js" from ["src/cljs" "src/cljc"]...
notifying browser that file changed:  out/tetris/core.js
[32mSuccessfully compiled "resources/public/js/compiled/tetris.js" in 0.18 seconds.[0m
[0mCompiling "resources/public/js/compiled/tetris.js" from ["src/cljs" "src/cljc"]...
notifying browser that file changed:  out/tetris/core.js
[32mSuccessfully compiled "resources/public/js/compiled/tetris.js" in 0.191 seconds.[0m
[0mCompiling "resources/public/js/compiled/tetris.js" from ["src/cljs" "src/cljc"]...
notifying browser that file changed:  out/tetris/core.js
[32mSuccessfully compiled "resources/public/js/compiled/tetris.js" in 0.176 seconds.[0m
[0mCompiling "resources/public/js/compiled/tetris.js" from ["src/cljs" "src/cljc"]...
notifying browser that file changed:  out/tetris/core.js
[32mSuccessfully compiled "resources/public/js/compiled/tetris.js" in 0.167 seconds.[0m
[0mCompiling "resources/public/js/compiled/tetris.js" from ["src/cljs" "src/cljc"]...
notifying browser that file changed:  out/tetris/core.js
[32mSuccessfully compiled "resources/public/js/compiled/tetris.js" in 0.168 seconds.[0m
[0mCompiling "resources/public/js/compiled/tetris.js" from ["src/cljs" "src/cljc"]...
notifying browser that file changed:  out/tetris/core.js
[32mSuccessfully compiled "resources/public/js/compiled/tetris.js" in 0.169 seconds.[0m
[0mCompiling "resources/public/js/compiled/tetris.js" from ["src/cljs" "src/cljc"]...
notifying browser that file changed:  out/tetris/core.js
[32mSuccessfully compiled "resources/public/js/compiled/tetris.js" in 0.194 seconds.[0m
[0mCompiling "resources/public/js/compiled/tetris.js" from ["src/cljs" "src/cljc"]...
notifying browser that file changed:  out/tetris/core.js
[32mSuccessfully compiled "resources/public/js/compiled/tetris.js" in 0.185 seconds.[0m
[0mCompiling "resources/public/js/compiled/tetris.js" from ["src/cljs" "src/cljc"]...
notifying browser that file changed:  out/tetris/core.js
[32mSuccessfully compiled "resources/public/js/compiled/tetris.js" in 0.175 seconds.[0m
[0mCompiling "resources/public/js/compiled/tetris.js" from ["src/cljs" "src/cljc"]...
notifying browser that file changed:  out/tetris/core.js
[32mSuccessfully compiled "resources/public/js/compiled/tetris.js" in 0.165 seconds.[0m
[0mCompiling "resources/public/js/compiled/tetris.js" from ["src/cljs" "src/cljc"]...
notifying browser that file changed:  out/tetris/core.js
[32mSuccessfully compiled "resources/public/js/compiled/tetris.js" in 0.179 seconds.[0m
[0mCompiling "resources/public/js/compiled/tetris.js" from ["src/cljs" "src/cljc"]...
notifying browser that file changed:  out/tetris/core.js
[32mSuccessfully compiled "resources/public/js/compiled/tetris.js" in 0.188 seconds.[0m
[0mCompiling "resources/public/js/compiled/tetris.js" from ["src/cljs" "src/cljc"]...
notifying browser that file changed:  out/tetris/core.js
[32mSuccessfully compiled "resources/public/js/compiled/tetris.js" in 0.184 seconds.[0m
[0mCompiling "resources/public/js/compiled/tetris.js" from ["src/cljs" "src/cljc"]...
notifying browser that file changed:  out/tetris/core.js
[32mSuccessfully compiled "resources/public/js/compiled/tetris.js" in 0.179 seconds.[0m
[0mCompiling "resources/public/js/compiled/tetris.js" from ["src/cljs" "src/cljc"]...
notifying browser that file changed:  out/tetris/core.js
[32mSuccessfully compiled "resources/public/js/compiled/tetris.js" in 0.176 seconds.[0m
[0mCompiling "resources/public/js/compiled/tetris.js" from ["src/cljs" "src/cljc"]...
notifying browser that file changed:  out/tetris/core.js
[32mSuccessfully compiled "resources/public/js/compiled/tetris.js" in 0.17 seconds.[0m
[0mCompiling "resources/public/js/compiled/tetris.js" from ["src/cljs" "src/cljc"]...
notifying browser that file changed:  out/tetris/core.js
[32mSuccessfully compiled "resources/public/js/compiled/tetris.js" in 0.191 seconds.[0m
[0mCompiling "resources/public/js/compiled/tetris.js" from ["src/cljs" "src/cljc"]...
notifying browser that file changed:  out/tetris/core.js
[32mSuccessfully compiled "resources/public/js/compiled/tetris.js" in 0.176 seconds.[0m
[0mCompiling "resources/public/js/compiled/tetris.js" from ["src/cljs" "src/cljc"]...
notifying browser that file changed:  out/tetris/core.js
[32mSuccessfully compiled "resources/public/js/compiled/tetris.js" in 0.173 seconds.[0m
[0mCompiling "resources/public/js/compiled/tetris.js" from ["src/cljs" "src/cljc"]...
notifying browser that file changed:  out/tetris/core.js
[32mSuccessfully compiled "resources/public/js/compiled/tetris.js" in 0.18 seconds.[0m
[0mCompiling "resources/public/js/compiled/tetris.js" from ["src/cljs" "src/cljc"]...
notifying browser that file changed:  out/tetris/core.js
[32mSuccessfully compiled "resources/public/js/compiled/tetris.js" in 0.179 seconds.[0m
[0mCompiling "resources/public/js/compiled/tetris.js" from ["src/cljs" "src/cljc"]...
notifying browser that file changed:  out/tetris/core.js
[32mSuccessfully compiled "resources/public/js/compiled/tetris.js" in 0.166 seconds.[0m
[0mCompiling "resources/public/js/compiled/tetris.js" from ["src/cljs" "src/cljc"]...
notifying browser that file changed:  out/tetris/core.js
[32mSuccessfully compiled "resources/public/js/compiled/tetris.js" in 0.171 seconds.[0m
[0mCompiling "resources/public/js/compiled/tetris.js" from ["src/cljs" "src/cljc"]...
notifying browser that file changed:  out/tetris/core.js
[32mSuccessfully compiled "resources/public/js/compiled/tetris.js" in 0.171 seconds.[0m
[0mCompiling "resources/public/js/compiled/tetris.js" from ["src/cljs" "src/cljc"]...
notifying browser that file changed:  out/tetris/core.js
[32mSuccessfully compiled "resources/public/js/compiled/tetris.js" in 0.169 seconds.[0m
[0mCompiling "resources/public/js/compiled/tetris.js" from ["src/cljs" "src/cljc"]...
WARNING: Use of undeclared Var tetris.core/state at line 11 src/cljs/tetris/core.cljs
notifying browser that file changed:  out/tetris/core.js
[32mSuccessfully compiled "resources/public/js/compiled/tetris.js" in 0.204 seconds.[0m
[0mCompiling "resources/public/js/compiled/tetris.js" from ["src/cljs" "src/cljc"]...
[31mCompiling "resources/public/js/compiled/tetris.js" failed.
[0mERROR: Unmatched delimiter ) on file /Users/mbastian/workspace/tetris/src/cljs/tetris/core.cljs, line 36, column 46
[32mSuccessfully compiled "resources/public/js/compiled/tetris.js" in 0.128 seconds.[0m
[0mCompiling "resources/public/js/compiled/tetris.js" from ["src/cljs" "src/cljc"]...
notifying browser that file changed:  out/tetris/core.js
[32mSuccessfully compiled "resources/public/js/compiled/tetris.js" in 0.165 seconds.[0m
[0mCompiling "resources/public/js/compiled/tetris.js" from ["src/cljs" "src/cljc"]...
WARNING: Use of undeclared Var tetris.core/state at line 11 src/cljs/tetris/core.cljs
notifying browser that file changed:  out/tetris/core.js
[32mSuccessfully compiled "resources/public/js/compiled/tetris.js" in 0.186 seconds.[0m
[0mCompiling "resources/public/js/compiled/tetris.js" from ["src/cljs" "src/cljc"]...
notifying browser that file changed:  out/tetris/core.js
[32mSuccessfully compiled "resources/public/js/compiled/tetris.js" in 0.17 seconds.[0m
[0mCompiling "resources/public/js/compiled/tetris.js" from ["src/cljs" "src/cljc"]...
notifying browser that file changed:  out/tetris/core.js
[32mSuccessfully compiled "resources/public/js/compiled/tetris.js" in 0.181 seconds.[0m
[0mCompiling "resources/public/js/compiled/tetris.js" from ["src/cljs" "src/cljc"]...
[0mCompiling "resources/public/js/compiled/tetris.js" from ["src/cljs" "src/cljc"]...
[0mCompiling "resources/public/js/compiled/tetris.js" from ["src/cljs" "src/cljc"]...
notifying browser that file changed:  resources/public/js/compiled/out/cljs_deps.js
notifying browser that file changed:  out/tetris/game_launcher.js
notifying browser that file changed:  out/tetris/core.js
[32mSuccessfully compiled "resources/public/js/compiled/tetris.js" in 0.243 seconds.[0m
[0mCompiling "resources/public/js/compiled/tetris.js" from ["src/cljs" "src/cljc"]...
notifying browser that file changed:  out/tetris/core.js
[32mSuccessfully compiled "resources/public/js/compiled/tetris.js" in 0.192 seconds.[0m
[0mCompiling "resources/public/js/compiled/tetris.js" from ["src/cljs" "src/cljc"]...
[31mCompiling "resources/public/js/compiled/tetris.js" failed.
[0mANALYSIS ERROR: Unknown dot form of (. nil getKey nil) with classification [:cljs.analyzer/error :cljs.analyzer/symbol ()] at line 44 /Users/mbastian/workspace/tetris/src/cljs/tetris/core.cljs on file /Users/mbastian/workspace/tetris/src/cljs/tetris/core.cljs, line 44, column 45
[32mSuccessfully compiled "resources/public/js/compiled/tetris.js" in 0.14 seconds.[0m
[0mCompiling "resources/public/js/compiled/tetris.js" from ["src/cljs" "src/cljc"]...
notifying browser that file changed:  out/tetris/core.js
[32mSuccessfully compiled "resources/public/js/compiled/tetris.js" in 0.166 seconds.[0m
[0mCompiling "resources/public/js/compiled/tetris.js" from ["src/cljs" "src/cljc"]...
[31mCompiling "resources/public/js/compiled/tetris.js" failed.
[0mANALYSIS ERROR: Wrong number of args (1) passed to: core/defonce at line 11 /Users/mbastian/workspace/tetris/src/cljs/tetris/core.cljs on file /Users/mbastian/workspace/tetris/src/cljs/tetris/core.cljs, line 11, column 1
[32mSuccessfully compiled "resources/public/js/compiled/tetris.js" in 0.091 seconds.[0m
[0mCompiling "resources/public/js/compiled/tetris.js" from ["src/cljs" "src/cljc"]...
notifying browser that file changed:  out/tetris/core.js
[32mSuccessfully compiled "resources/public/js/compiled/tetris.js" in 0.189 seconds.[0m
[0mCompiling "resources/public/js/compiled/tetris.js" from ["src/cljs" "src/cljc"]...
notifying browser that file changed:  out/tetris/core.js
[32mSuccessfully compiled "resources/public/js/compiled/tetris.js" in 0.183 seconds.[0m
[0mCompiling "resources/public/js/compiled/tetris.js" from ["src/cljs" "src/cljc"]...
notifying browser that file changed:  out/tetris/core.js
[32mSuccessfully compiled "resources/public/js/compiled/tetris.js" in 0.183 seconds.[0m
[0mCompiling "resources/public/js/compiled/tetris.js" from ["src/cljs" "src/cljc"]...
notifying browser that file changed:  out/tetris/core.js
[32mSuccessfully compiled "resources/public/js/compiled/tetris.js" in 0.207 seconds.[0m
[0mCompiling "resources/public/js/compiled/tetris.js" from ["src/cljs" "src/cljc"]...
notifying browser that file changed:  out/tetris/core.js
[32mSuccessfully compiled "resources/public/js/compiled/tetris.js" in 0.19 seconds.[0m
[0mCompiling "resources/public/js/compiled/tetris.js" from ["src/cljs" "src/cljc"]...
notifying browser that file changed:  out/tetris/core.js
[32mSuccessfully compiled "resources/public/js/compiled/tetris.js" in 0.198 seconds.[0m
[0mCompiling "resources/public/js/compiled/tetris.js" from ["src/cljs" "src/cljc"]...
notifying browser that file changed:  out/tetris/core.js
[32mSuccessfully compiled "resources/public/js/compiled/tetris.js" in 0.218 seconds.[0m
[0mCompiling "resources/public/js/compiled/tetris.js" from ["src/cljs" "src/cljc"]...
notifying browser that file changed:  out/tetris/core.js
[32mSuccessfully compiled "resources/public/js/compiled/tetris.js" in 0.224 seconds.[0m
[0mCompiling "resources/public/js/compiled/tetris.js" from ["src/cljs" "src/cljc"]...
notifying browser that file changed:  out/tetris/core.js
[32mSuccessfully compiled "resources/public/js/compiled/tetris.js" in 0.214 seconds.[0m
[0mCompiling "resources/public/js/compiled/tetris.js" from ["src/cljs" "src/cljc"]...
notifying browser that file changed:  out/tetris/core.js
[32mSuccessfully compiled "resources/public/js/compiled/tetris.js" in 0.235 seconds.[0m
[0mCompiling "resources/public/js/compiled/tetris.js" from ["src/cljs" "src/cljc"]...
notifying browser that file changed:  out/tetris/core.js
[32mSuccessfully compiled "resources/public/js/compiled/tetris.js" in 0.217 seconds.[0m
[0mCompiling "resources/public/js/compiled/tetris.js" from ["src/cljs" "src/cljc"]...
notifying browser that file changed:  out/tetris/core.js
[32mSuccessfully compiled "resources/public/js/compiled/tetris.js" in 0.211 seconds.[0m
[0mCompiling "resources/public/js/compiled/tetris.js" from ["src/cljs" "src/cljc"]...
notifying browser that file changed:  out/tetris/core.js
[32mSuccessfully compiled "resources/public/js/compiled/tetris.js" in 0.215 seconds.[0m
[0mCompiling "resources/public/js/compiled/tetris.js" from ["src/cljs" "src/cljc"]...
notifying browser that file changed:  resources/public/js/compiled/out/goog/deps.js
notifying browser that file changed:  resources/public/js/compiled/out/cljs_deps.js
notifying browser that file changed:  out/tetris/core.js
[32mSuccessfully compiled "resources/public/js/compiled/tetris.js" in 0.333 seconds.[0m
[0mCompiling "resources/public/js/compiled/tetris.js" from ["src/cljs" "src/cljc"]...
notifying browser that file changed:  out/tetris/core.js
[32mSuccessfully compiled "resources/public/js/compiled/tetris.js" in 0.186 seconds.[0m
[0mCompiling "resources/public/js/compiled/tetris.js" from ["src/cljs" "src/cljc"]...
notifying browser that file changed:  out/tetris/core.js
[32mSuccessfully compiled "resources/public/js/compiled/tetris.js" in 0.225 seconds.[0m
[0mCompiling "resources/public/js/compiled/tetris.js" from ["src/cljs" "src/cljc"]...
notifying browser that file changed:  out/tetris/core.js
[32mSuccessfully compiled "resources/public/js/compiled/tetris.js" in 0.243 seconds.[0m
[0mCompiling "resources/public/js/compiled/tetris.js" from ["src/cljs" "src/cljc"]...
notifying browser that file changed:  out/tetris/core.js
[32mSuccessfully compiled "resources/public/js/compiled/tetris.js" in 0.245 seconds.[0m
[0mCompiling "resources/public/js/compiled/tetris.js" from ["src/cljs" "src/cljc"]...
notifying browser that file changed:  out/tetris/core.js
[32mSuccessfully compiled "resources/public/js/compiled/tetris.js" in 0.206 seconds.[0m
[0mCompiling "resources/public/js/compiled/tetris.js" from ["src/cljs" "src/cljc"]...
notifying browser that file changed:  out/tetris/core.js
[32mSuccessfully compiled "resources/public/js/compiled/tetris.js" in 0.23 seconds.[0m
[0mCompiling "resources/public/js/compiled/tetris.js" from ["src/cljs" "src/cljc"]...
notifying browser that file changed:  resources/public/js/compiled/out/goog/deps.js
notifying browser that file changed:  resources/public/js/compiled/out/cljs_deps.js
notifying browser that file changed:  out/tetris/core.js
[32mSuccessfully compiled "resources/public/js/compiled/tetris.js" in 0.431 seconds.[0m
[0mCompiling "resources/public/js/compiled/tetris.js" from ["src/cljs" "src/cljc"]...
notifying browser that file changed:  out/tetris/core.js
[32mSuccessfully compiled "resources/public/js/compiled/tetris.js" in 0.254 seconds.[0m
[0mCompiling "resources/public/js/compiled/tetris.js" from ["src/cljs" "src/cljc"]...
notifying browser that file changed:  out/tetris/core.js
[32mSuccessfully compiled "resources/public/js/compiled/tetris.js" in 0.251 seconds.[0m
[0mCompiling "resources/public/js/compiled/tetris.js" from ["src/cljs" "src/cljc"]...
[31mCompiling "resources/public/js/compiled/tetris.js" failed.
[0mANALYSIS ERROR: Unknown dot form of (. js/window -onkeydown ((fn [e] (when (and (= 32 (.-keyCode e)) (= (.-target e) (.-body js/document))) (.preventDefault e))))) with classification [:cljs.analyzer/expr :cljs.analyzer/property :cljs.analyzer/expr] at line 37 /Users/mbastian/workspace/tetris/src/cljs/tetris/core.cljs on file /Users/mbastian/workspace/tetris/src/cljs/tetris/core.cljs, line 37, column 5
[32mSuccessfully compiled "resources/public/js/compiled/tetris.js" in 0.196 seconds.[0m
[0mCompiling "resources/public/js/compiled/tetris.js" from ["src/cljs" "src/cljc"]...
[31mCompiling "resources/public/js/compiled/tetris.js" failed.
[0mANALYSIS ERROR: Unknown dot form of (. js/window -onkeydown ((fn [e] (when (and (= 32 (.-keyCode e)) (= (.-target e) (.body js/document))) (.preventDefault e))))) with classification [:cljs.analyzer/expr :cljs.analyzer/property :cljs.analyzer/expr] at line 37 /Users/mbastian/workspace/tetris/src/cljs/tetris/core.cljs on file /Users/mbastian/workspace/tetris/src/cljs/tetris/core.cljs, line 37, column 5
[32mSuccessfully compiled "resources/public/js/compiled/tetris.js" in 0.143 seconds.[0m
[0mCompiling "resources/public/js/compiled/tetris.js" from ["src/cljs" "src/cljc"]...
notifying browser that file changed:  resources/public/js/compiled/out/goog/deps.js
notifying browser that file changed:  resources/public/js/compiled/out/cljs_deps.js
notifying browser that file changed:  out/tetris/core.js
[32mSuccessfully compiled "resources/public/js/compiled/tetris.js" in 0.418 seconds.[0m
[0mCompiling "resources/public/js/compiled/tetris.js" from ["src/cljs" "src/cljc"]...
notifying browser that file changed:  out/tetris/core.js
[32mSuccessfully compiled "resources/public/js/compiled/tetris.js" in 0.264 seconds.[0m
[0mCompiling "resources/public/js/compiled/tetris.js" from ["src/cljs" "src/cljc"]...
notifying browser that file changed:  out/tetris/core.js
[32mSuccessfully compiled "resources/public/js/compiled/tetris.js" in 0.235 seconds.[0m
[0mCompiling "resources/public/js/compiled/tetris.js" from ["src/cljs" "src/cljc"]...
notifying browser that file changed:  out/tetris/core.js
[32mSuccessfully compiled "resources/public/js/compiled/tetris.js" in 0.231 seconds.[0m
[0mCompiling "resources/public/js/compiled/tetris.js" from ["src/cljs" "src/cljc"]...
notifying browser that file changed:  out/tetris/core.js
[32mSuccessfully compiled "resources/public/js/compiled/tetris.js" in 0.227 seconds.[0m
[0mCompiling "resources/public/js/compiled/tetris.js" from ["src/cljs" "src/cljc"]...
notifying browser that file changed:  out/tetris/core.js
[32mSuccessfully compiled "resources/public/js/compiled/tetris.js" in 0.253 seconds.[0m
[0mCompiling "resources/public/js/compiled/tetris.js" from ["src/cljs" "src/cljc"]...
notifying browser that file changed:  out/tetris/core.js
[32mSuccessfully compiled "resources/public/js/compiled/tetris.js" in 0.214 seconds.[0m
[0mCompiling "resources/public/js/compiled/tetris.js" from ["src/cljs" "src/cljc"]...
notifying browser that file changed:  out/tetris/core.js
[32mSuccessfully compiled "resources/public/js/compiled/tetris.js" in 0.22 seconds.[0m
[0mCompiling "resources/public/js/compiled/tetris.js" from ["src/cljs" "src/cljc"]...
notifying browser that file changed:  out/tetris/core.js
[32mSuccessfully compiled "resources/public/js/compiled/tetris.js" in 0.236 seconds.[0m
[0mCompiling "resources/public/js/compiled/tetris.js" from ["src/cljs" "src/cljc"]...
[31mCompiling "resources/public/js/compiled/tetris.js" failed.
[0mERROR: Map literal must contain an even number of forms on file /Users/mbastian/workspace/tetris/src/cljs/tetris/core.cljs, line 21, column 61
[32mSuccessfully compiled "resources/public/js/compiled/tetris.js" in 0.088 seconds.[0m
[0mCompiling "resources/public/js/compiled/tetris.js" from ["src/cljs" "src/cljc"]...
notifying browser that file changed:  out/tetris/core.js
[32mSuccessfully compiled "resources/public/js/compiled/tetris.js" in 0.212 seconds.[0m
[0mCompiling "resources/public/js/compiled/tetris.js" from ["src/cljs" "src/cljc"]...
notifying browser that file changed:  out/tetris/core.js
[32mSuccessfully compiled "resources/public/js/compiled/tetris.js" in 0.214 seconds.[0m
[0mCompiling "resources/public/js/compiled/tetris.js" from ["src/cljs" "src/cljc"]...
notifying browser that file changed:  out/tetris/core.js
[32mSuccessfully compiled "resources/public/js/compiled/tetris.js" in 0.227 seconds.[0m
[0mCompiling "resources/public/js/compiled/tetris.js" from ["src/cljs" "src/cljc"]...
notifying browser that file changed:  out/tetris/core.js
notifying browser that file changed:  out/tetris/rules.js
[32mSuccessfully compiled "resources/public/js/compiled/tetris.js" in 0.952 seconds.[0m
[0mCompiling "resources/public/js/compiled/tetris.js" from ["src/cljs" "src/cljc"]...
WARNING: Wrong number of args (1) passed to tetris.rules/initial-state at line 60 src/cljc/tetris/rules.cljc
notifying browser that file changed:  out/tetris/rules.js
[32mSuccessfully compiled "resources/public/js/compiled/tetris.js" in 0.422 seconds.[0m
[0mCompiling "resources/public/js/compiled/tetris.js" from ["src/cljs" "src/cljc"]...
notifying browser that file changed:  out/tetris/rules.js
[32mSuccessfully compiled "resources/public/js/compiled/tetris.js" in 0.416 seconds.[0m
[0mCompiling "resources/public/js/compiled/tetris.js" from ["src/cljs" "src/cljc"]...
notifying browser that file changed:  out/tetris/rules.js
[32mSuccessfully compiled "resources/public/js/compiled/tetris.js" in 0.459 seconds.[0m
[0mCompiling "resources/public/js/compiled/tetris.js" from ["src/cljs" "src/cljc"]...
notifying browser that file changed:  out/tetris/rules.js
[32mSuccessfully compiled "resources/public/js/compiled/tetris.js" in 0.407 seconds.[0m
[0mCompiling "resources/public/js/compiled/tetris.js" from ["src/cljs" "src/cljc"]...
notifying browser that file changed:  out/tetris/rules.js
[32mSuccessfully compiled "resources/public/js/compiled/tetris.js" in 0.4 seconds.[0m
[0mCompiling "resources/public/js/compiled/tetris.js" from ["src/cljs" "src/cljc"]...
[0mCompiling "resources/public/js/compiled/tetris.js" from ["src/cljs" "src/cljc"]...
notifying browser that file changed:  out/tetris/rules.js
[32mSuccessfully compiled "resources/public/js/compiled/tetris.js" in 0.419 seconds.[0m
[0mCompiling "resources/public/js/compiled/tetris.js" from ["src/cljs" "src/cljc"]...
notifying browser that file changed:  out/tetris/core.js
[32mSuccessfully compiled "resources/public/js/compiled/tetris.js" in 0.233 seconds.[0m
[0mCompiling "resources/public/js/compiled/tetris.js" from ["src/cljs" "src/cljc"]...
notifying browser that file changed:  out/tetris/rules.js
[32mSuccessfully compiled "resources/public/js/compiled/tetris.js" in 0.392 seconds.[0m
[0mCompiling "resources/public/js/compiled/tetris.js" from ["src/cljs" "src/cljc"]...
notifying browser that file changed:  out/tetris/rules.js
[32mSuccessfully compiled "resources/public/js/compiled/tetris.js" in 0.435 seconds.[0m
[0mCompiling "resources/public/js/compiled/tetris.js" from ["src/cljs" "src/cljc"]...
notifying browser that file changed:  out/tetris/rules.js
[32mSuccessfully compiled "resources/public/js/compiled/tetris.js" in 0.411 seconds.[0m
[0mCompiling "resources/public/js/compiled/tetris.js" from ["src/cljs" "src/cljc"]...
notifying browser that file changed:  out/tetris/rules.js
[32mSuccessfully compiled "resources/public/js/compiled/tetris.js" in 0.415 seconds.[0m
[0mCompiling "resources/public/js/compiled/tetris.js" from ["src/cljs" "src/cljc"]...
notifying browser that file changed:  out/tetris/rules.js
[32mSuccessfully compiled "resources/public/js/compiled/tetris.js" in 0.438 seconds.[0m
[0mCompiling "resources/public/js/compiled/tetris.js" from ["src/cljs" "src/cljc"]...
notifying browser that file changed:  resources/public/js/compiled/out/goog/deps.js
notifying browser that file changed:  resources/public/js/compiled/out/cljs_deps.js
notifying browser that file changed:  out/tetris/core.js
[32mSuccessfully compiled "resources/public/js/compiled/tetris.js" in 0.318 seconds.[0m
[0mCompiling "resources/public/js/compiled/tetris.js" from ["src/cljs" "src/cljc"]...
notifying browser that file changed:  out/tetris/core.js
[32mSuccessfully compiled "resources/public/js/compiled/tetris.js" in 0.229 seconds.[0m
[0mCompiling "resources/public/js/compiled/tetris.js" from ["src/cljs" "src/cljc"]...
notifying browser that file changed:  out/tetris/core.js
[32mSuccessfully compiled "resources/public/js/compiled/tetris.js" in 0.228 seconds.[0m
[0mCompiling "resources/public/js/compiled/tetris.js" from ["src/cljs" "src/cljc"]...
notifying browser that file changed:  resources/public/js/compiled/out/goog/deps.js
notifying browser that file changed:  resources/public/js/compiled/out/cljs_deps.js
notifying browser that file changed:  out/tetris/core.js
[32mSuccessfully compiled "resources/public/js/compiled/tetris.js" in 0.339 seconds.[0m
[0mCompiling "resources/public/js/compiled/tetris.js" from ["src/cljs" "src/cljc"]...
notifying browser that file changed:  out/tetris/core.js
[32mSuccessfully compiled "resources/public/js/compiled/tetris.js" in 0.254 seconds.[0m
[0mCompiling "resources/public/js/compiled/tetris.js" from ["src/cljs" "src/cljc"]...
notifying browser that file changed:  out/tetris/core.js
[32mSuccessfully compiled "resources/public/js/compiled/tetris.js" in 0.229 seconds.[0m
[0mCompiling "resources/public/js/compiled/tetris.js" from ["src/cljs" "src/cljc"]...
notifying browser that file changed:  out/tetris/core.js
[32mSuccessfully compiled "resources/public/js/compiled/tetris.js" in 0.234 seconds.[0m
[0mCompiling "resources/public/js/compiled/tetris.js" from ["src/cljs" "src/cljc"]...
notifying browser that file changed:  out/tetris/core.js
[32mSuccessfully compiled "resources/public/js/compiled/tetris.js" in 0.223 seconds.[0m
[0mCompiling "resources/public/js/compiled/tetris.js" from ["src/cljs" "src/cljc"]...
notifying browser that file changed:  out/tetris/core.js
[32mSuccessfully compiled "resources/public/js/compiled/tetris.js" in 0.248 seconds.[0m
[0mCompiling "resources/public/js/compiled/tetris.js" from ["src/cljs" "src/cljc"]...
notifying browser that file changed:  out/tetris/core.js
[32mSuccessfully compiled "resources/public/js/compiled/tetris.js" in 0.222 seconds.[0m
[0mCompiling "resources/public/js/compiled/tetris.js" from ["src/cljs" "src/cljc"]...
notifying browser that file changed:  out/tetris/core.js
[32mSuccessfully compiled "resources/public/js/compiled/tetris.js" in 0.215 seconds.[0m
[0mCompiling "resources/public/js/compiled/tetris.js" from ["src/cljs" "src/cljc"]...
notifying browser that file changed:  out/tetris/core.js
[32mSuccessfully compiled "resources/public/js/compiled/tetris.js" in 0.209 seconds.[0m
[0mCompiling "resources/public/js/compiled/tetris.js" from ["src/cljs" "src/cljc"]...
notifying browser that file changed:  resources/public/js/compiled/out/goog/deps.js
notifying browser that file changed:  resources/public/js/compiled/out/cljs_deps.js
notifying browser that file changed:  out/tetris/core.js
[32mSuccessfully compiled "resources/public/js/compiled/tetris.js" in 0.371 seconds.[0m
[0mCompiling "resources/public/js/compiled/tetris.js" from ["src/cljs" "src/cljc"]...
notifying browser that file changed:  out/tetris/core.js
[32mSuccessfully compiled "resources/public/js/compiled/tetris.js" in 0.256 seconds.[0m
[0mCompiling "resources/public/js/compiled/tetris.js" from ["src/cljs" "src/cljc"]...
notifying browser that file changed:  out/tetris/core.js
[32mSuccessfully compiled "resources/public/js/compiled/tetris.js" in 0.258 seconds.[0m
[0mCompiling "resources/public/js/compiled/tetris.js" from ["src/cljs" "src/cljc"]...
notifying browser that file changed:  out/tetris/core.js
[32mSuccessfully compiled "resources/public/js/compiled/tetris.js" in 0.244 seconds.[0m
[0mCompiling "resources/public/js/compiled/tetris.js" from ["src/cljs" "src/cljc"]...
notifying browser that file changed:  out/tetris/core.js
[32mSuccessfully compiled "resources/public/js/compiled/tetris.js" in 0.3 seconds.[0m
[0mCompiling "resources/public/js/compiled/tetris.js" from ["src/cljs" "src/cljc"]...
WARNING: Wrong number of args (1) passed to tetris.rules/manipulate at line 37 src/cljc/tetris/rules.cljc
notifying browser that file changed:  out/tetris/rules.js
[32mSuccessfully compiled "resources/public/js/compiled/tetris.js" in 0.473 seconds.[0m
[0mCompiling "resources/public/js/compiled/tetris.js" from ["src/cljs" "src/cljc"]...
notifying browser that file changed:  out/tetris/rules.js
[32mSuccessfully compiled "resources/public/js/compiled/tetris.js" in 0.446 seconds.[0m
[0mCompiling "resources/public/js/compiled/tetris.js" from ["src/cljs" "src/cljc"]...
notifying browser that file changed:  out/tetris/rules.js
[32mSuccessfully compiled "resources/public/js/compiled/tetris.js" in 0.456 seconds.[0m
[0mCompiling "resources/public/js/compiled/tetris.js" from ["src/cljs" "src/cljc"]...
notifying browser that file changed:  resources/public/js/compiled/tetris.js
notifying browser that file changed:  resources/public/js/compiled/out/goog/deps.js
notifying browser that file changed:  out/tetris/core.js
[32mSuccessfully compiled "resources/public/js/compiled/tetris.js" in 0.239 seconds.[0m
[0mCompiling "resources/public/js/compiled/tetris.js" from ["src/cljs" "src/cljc"]...
notifying browser that file changed:  resources/public/js/compiled/out/goog/deps.js
notifying browser that file changed:  resources/public/js/compiled/out/cljs_deps.js
notifying browser that file changed:  out/tetris/core.js
[32mSuccessfully compiled "resources/public/js/compiled/tetris.js" in 0.309 seconds.[0m
[0mCompiling "resources/public/js/compiled/tetris.js" from ["src/cljs" "src/cljc"]...
notifying browser that file changed:  out/tetris/core.js
[32mSuccessfully compiled "resources/public/js/compiled/tetris.js" in 0.228 seconds.[0m
[0mCompiling "resources/public/js/compiled/tetris.js" from ["src/cljs" "src/cljc"]...
notifying browser that file changed:  out/tetris/shapes.js
[32mSuccessfully compiled "resources/public/js/compiled/tetris.js" in 0.467 seconds.[0m
[0mCompiling "resources/public/js/compiled/tetris.js" from ["src/cljs" "src/cljc"]...
notifying browser that file changed:  out/tetris/core.js
[32mSuccessfully compiled "resources/public/js/compiled/tetris.js" in 0.213 seconds.[0m
[0mCompiling "resources/public/js/compiled/tetris.js" from ["src/cljs" "src/cljc"]...
notifying browser that file changed:  out/tetris/core.js
[32mSuccessfully compiled "resources/public/js/compiled/tetris.js" in 0.227 seconds.[0m
[0mCompiling "resources/public/js/compiled/tetris.js" from ["src/cljs" "src/cljc"]...
notifying browser that file changed:  out/tetris/core.js
[32mSuccessfully compiled "resources/public/js/compiled/tetris.js" in 0.215 seconds.[0m
[0mCompiling "resources/public/js/compiled/tetris.js" from ["src/cljs" "src/cljc"]...
notifying browser that file changed:  out/tetris/rules.js
[32mSuccessfully compiled "resources/public/js/compiled/tetris.js" in 0.425 seconds.[0m
[0mCompiling "resources/public/js/compiled/tetris.js" from ["src/cljs" "src/cljc"]...
notifying browser that file changed:  out/tetris/rules.js
[32mSuccessfully compiled "resources/public/js/compiled/tetris.js" in 0.439 seconds.[0m
[0mCompiling "resources/public/js/compiled/tetris.js" from ["src/cljs" "src/cljc"]...
notifying browser that file changed:  out/tetris/core.js
[32mSuccessfully compiled "resources/public/js/compiled/tetris.js" in 0.232 seconds.[0m
[0mCompiling "resources/public/js/compiled/tetris.js" from ["src/cljs" "src/cljc"]...
notifying browser that file changed:  out/tetris/core.js
[32mSuccessfully compiled "resources/public/js/compiled/tetris.js" in 0.21 seconds.[0m
[0mCompiling "resources/public/js/compiled/tetris.js" from ["src/cljs" "src/cljc"]...
notifying browser that file changed:  out/tetris/rules.js
[32mSuccessfully compiled "resources/public/js/compiled/tetris.js" in 0.428 seconds.[0m
[0mCompiling "resources/public/js/compiled/tetris.js" from ["src/cljs" "src/cljc"]...
notifying browser that file changed:  out/tetris/rules.js
[32mSuccessfully compiled "resources/public/js/compiled/tetris.js" in 0.396 seconds.[0m
[0mCompiling "resources/public/js/compiled/tetris.js" from ["src/cljs" "src/cljc"]...
notifying browser that file changed:  out/tetris/rules.js
[32mSuccessfully compiled "resources/public/js/compiled/tetris.js" in 0.425 seconds.[0m
[0mCompiling "resources/public/js/compiled/tetris.js" from ["src/cljs" "src/cljc"]...
notifying browser that file changed:  out/tetris/rules.js
[32mSuccessfully compiled "resources/public/js/compiled/tetris.js" in 0.399 seconds.[0m
[0mCompiling "resources/public/js/compiled/tetris.js" from ["src/cljs" "src/cljc"]...
notifying browser that file changed:  out/tetris/rules.js
[32mSuccessfully compiled "resources/public/js/compiled/tetris.js" in 0.4 seconds.[0m
[0mCompiling "resources/public/js/compiled/tetris.js" from ["src/cljs" "src/cljc"]...
notifying browser that file changed:  out/tetris/shapes.js
[32mSuccessfully compiled "resources/public/js/compiled/tetris.js" in 0.407 seconds.[0m
[0mCompiling "resources/public/js/compiled/tetris.js" from ["src/cljs" "src/cljc"]...
notifying browser that file changed:  out/tetris/core.js
[32mSuccessfully compiled "resources/public/js/compiled/tetris.js" in 0.208 seconds.[0m
[0mCompiling "resources/public/js/compiled/tetris.js" from ["src/cljs" "src/cljc"]...
notifying browser that file changed:  out/tetris/core.js
[32mSuccessfully compiled "resources/public/js/compiled/tetris.js" in 0.222 seconds.[0m
[0mCompiling "resources/public/js/compiled/tetris.js" from ["src/cljs" "src/cljc"]...
notifying browser that file changed:  out/tetris/core.js
[32mSuccessfully compiled "resources/public/js/compiled/tetris.js" in 0.237 seconds.[0m
[0mCompiling "resources/public/js/compiled/tetris.js" from ["src/cljs" "src/cljc"]...
notifying browser that file changed:  out/tetris/core.js
[32mSuccessfully compiled "resources/public/js/compiled/tetris.js" in 0.208 seconds.[0m
[0mCompiling "resources/public/js/compiled/tetris.js" from ["src/cljs" "src/cljc"]...
notifying browser that file changed:  out/tetris/core.js
[32mSuccessfully compiled "resources/public/js/compiled/tetris.js" in 0.204 seconds.[0m
[0mCompiling "resources/public/js/compiled/tetris.js" from ["src/cljs" "src/cljc"]...
notifying browser that file changed:  out/tetris/core.js
[32mSuccessfully compiled "resources/public/js/compiled/tetris.js" in 0.22 seconds.[0m
[0mCompiling "resources/public/js/compiled/tetris.js" from ["src/cljs" "src/cljc"]...
notifying browser that file changed:  out/tetris/core.js
[32mSuccessfully compiled "resources/public/js/compiled/tetris.js" in 0.229 seconds.[0m
[0mCompiling "resources/public/js/compiled/tetris.js" from ["src/cljs" "src/cljc"]...
notifying browser that file changed:  out/tetris/core.js
[32mSuccessfully compiled "resources/public/js/compiled/tetris.js" in 0.217 seconds.[0m
[0mCompiling "resources/public/js/compiled/tetris.js" from ["src/cljs" "src/cljc"]...
notifying browser that file changed:  out/tetris/core.js
[32mSuccessfully compiled "resources/public/js/compiled/tetris.js" in 0.218 seconds.[0m
